{"C:\\PROJECTS2\\pieces\\jest-test-101\\index.js": {"path":"C:\\PROJECTS2\\pieces\\jest-test-101\\index.js","statementMap":{"0":{"start":{"line":1,"column":27},"end":{"line":4,"column":1}},"1":{"start":{"line":2,"column":18},"end":{"line":2,"column":43}},"2":{"start":{"line":2,"column":33},"end":{"line":2,"column":43}},"3":{"start":{"line":3,"column":2},"end":{"line":3,"column":32}},"4":{"start":{"line":6,"column":0},"end":{"line":8,"column":1}}},"fnMap":{"0":{"name":"(anonymous_0)","decl":{"start":{"line":1,"column":27},"end":{"line":1,"column":28}},"loc":{"start":{"line":1,"column":45},"end":{"line":4,"column":1}},"line":1},"1":{"name":"(anonymous_1)","decl":{"start":{"line":2,"column":18},"end":{"line":2,"column":19}},"loc":{"start":{"line":2,"column":33},"end":{"line":2,"column":43}},"line":2}},"branchMap":{"0":{"loc":{"start":{"line":1,"column":28},"end":{"line":1,"column":40}},"type":"default-arg","locations":[{"start":{"line":1,"column":38},"end":{"line":1,"column":40}}],"line":1}},"s":{"0":1,"1":1,"2":2,"3":1,"4":1},"f":{"0":1,"1":2},"b":{"0":[0]},"_coverageSchema":"1a1c01bbd47fc00a2c39e90264f33305004495a9","hash":"89eca76b38a05196fb3d37e45831d671a9a53ff1"}
}
